
                            < M A T L A B (R) >
                  Copyright 1984-2017 The MathWorks, Inc.
                   R2017b (9.3.0.713579) 64-bit (glnxa64)
                             September 14, 2017

 
To get started, type one of these: helpwin, helpdesk, or demo.
For product information, visit www.mathworks.com.
 
>> >> >> >> >> >> >> >> >> >> >> >> >> >> >> >> >> >> >> >> >> >> >> >> >> >> >> >> >> >> >> >> >> >> >> >> >> >> >> >> >> >> >> >> >> >> >> >> >> >> >> >> >> >> >> >> >> >> >> >> >> >> >> >> >> >> >> >> >> >> >> >> >> >> >> >> >> >> >> >> >> >> >> >> >> >> >> >> >> >> >> >> >> >> >> >> >> >> Starting parallel pool (parpool) using the 'local' profile ...

{Error using parpool (line 113)
Failed to start a parallel pool. (For information in addition to the causing
error, validate the profile 'local' in the Cluster Profile Manager.)

Caused by:
    Error using parallel.internal.pool.InteractiveClient>iThrowWithCause (line
    675)
    Failed to start pool.
        Error using save
        Unable to write to MAT-file
        /global/home/users/nlammers/.matlab/local_cluster_jobs/R2017b/Job16.in.mat.
                The file may be corrupt.
} 
>> >> 